May-24 00:50:40.441 [main] DEBUG nextflow.cli.Launcher - $> nextflow run .
May-24 00:50:40.741 [main] INFO  nextflow.cli.CmdRun - N E X T F L O W  ~  version 19.05.0-edge
May-24 00:50:42.571 [main] INFO  nextflow.cli.CmdRun - Launching `./main.nf` [small_shaw] - revision: 6f056b7156
May-24 00:50:42.606 [main] DEBUG nextflow.config.ConfigBuilder - Found config local: /Users/martin/git/mine/treat/nextflow.config
May-24 00:50:42.607 [main] DEBUG nextflow.config.ConfigBuilder - Parsing config file: /Users/martin/git/mine/treat/nextflow.config
May-24 00:50:42.630 [main] DEBUG nextflow.config.ConfigBuilder - Applying config profile: `standard`
May-24 00:50:42.975 [main] DEBUG nextflow.Session - Session uuid: ce8f32eb-1431-4eb3-8e79-998eae2dce9f
May-24 00:50:42.976 [main] DEBUG nextflow.Session - Run name: small_shaw
May-24 00:50:42.977 [main] DEBUG nextflow.Session - Executor pool size: 4
May-24 00:50:53.150 [main] DEBUG nextflow.cli.CmdRun - 
  Version: 19.05.0-edge build 5097
  Created: 20-05-2019 15:39 UTC (17:39 CEST)
  System: Mac OS X 10.14.5
  Runtime: Groovy 2.5.6 on OpenJDK 64-Bit Server VM 1.8.0_92-b15
  Encoding: UTF-8 (UTF-8)
  Process: 37439@Martins-MacBook-Air-2.local [192.168.178.22]
  CPUs: 4 - Mem: 4 GB (25 MB) - Swap: 3 GB (551 MB)
May-24 00:50:53.260 [main] DEBUG nextflow.Session - Work-dir: /Users/martin/git/mine/treat/work [Mac OS X]
May-24 00:50:53.263 [main] DEBUG nextflow.Session - Script base path does not exist or is not a directory: /Users/martin/git/mine/treat/bin
May-24 00:50:54.453 [main] DEBUG nextflow.Session - Session start invoked
May-24 00:50:54.978 [main] WARN  nextflow.Session - There's no process matching config selector: HISAT2
May-24 00:50:54.979 [main] DEBUG nextflow.script.ScriptRunner - > Launching execution
May-24 00:50:55.121 [main] WARN  nextflow.NextflowMeta$Preview - DSL 2 IS AN EXPERIMENTAL FEATURE UNDER DEVELOPMENT -- SYNTAX MAY CHANGE IN FUTURE RELEASE
May-24 00:50:56.147 [main] DEBUG nextflow.script.ProcessConfig - Config settings `withName:BUSCO` matches process BUSCO
May-24 00:50:56.173 [main] DEBUG nextflow.executor.ExecutorFactory - << taskConfig executor: null
May-24 00:50:56.174 [main] DEBUG nextflow.executor.ExecutorFactory - >> processorType: 'local'
May-24 00:50:56.188 [main] INFO  nextflow.executor.Executor - [warm up] executor > local
May-24 00:50:56.210 [main] DEBUG n.processor.LocalPollingMonitor - Creating local task monitor for executor 'local' > cpus=4; memory=4 GB; capacity=4; pollInterval=100ms; dumpInterval=5m
May-24 00:50:56.244 [main] DEBUG n.processor.TaskPollingMonitor - >>> barrier register (monitor: local)
May-24 00:50:56.392 [main] DEBUG nextflow.Session - >>> barrier register (process: BUSCO)
May-24 00:50:56.422 [main] DEBUG nextflow.processor.TaskProcessor - Creating operator > BUSCO -- maxForks: 4
May-24 00:50:56.474 [main] DEBUG nextflow.Session - Ignite dataflow network (2)
May-24 00:50:56.523 [main] DEBUG nextflow.script.ScriptRunner - > Await termination 
May-24 00:50:56.523 [main] DEBUG nextflow.Session - Session await
May-24 00:50:56.864 [Task submitter] DEBUG nextflow.executor.LocalTaskHandler - Launch cmd line: /bin/bash -ue .command.run
May-24 00:50:56.873 [Task submitter] INFO  nextflow.Session - [66/26e6b6] Submitted process > BUSCO (1)
May-24 00:52:54.538 [Task monitor] DEBUG n.processor.TaskPollingMonitor - Task completed > TaskHandler[id: 1; name: BUSCO (1); status: COMPLETED; exit: 0; error: -; workDir: /Users/martin/git/mine/treat/work/66/26e6b6535014b168dc43c5509255a4]
May-24 00:52:54.749 [Actor Thread 4] DEBUG nextflow.Session - <<< barrier arrive (process: BUSCO)
May-24 00:52:54.756 [main] DEBUG nextflow.Session - Session await > all process finished
May-24 00:52:54.853 [Task monitor] DEBUG n.processor.TaskPollingMonitor - <<< barrier arrives (monitor: local)
May-24 00:52:54.854 [main] DEBUG nextflow.Session - Session await > all barriers passed
May-24 00:52:54.878 [main] DEBUG nextflow.trace.StatsObserver - Workflow completed > WorkflowStats[succeedCount=1; failedCount=0; ignoredCount=0; cachedCount=0; succeedDuration=1m 58s; failedDuration=0ms; cachedDuration=0ms]
May-24 00:52:55.104 [main] DEBUG nextflow.CacheDB - Closing CacheDB done
May-24 00:52:55.146 [main] DEBUG nextflow.script.ScriptRunner - > Execution complete -- Goodbye
